2023-02-08 19:18:02.820+0000 INFO  The license agreement was accepted with environment variable NEO4J_ACCEPT_LICENSE_AGREEMENT=yes when the Software was started.

The license agreement is available https://neo4j.com/terms/licensing/

If you do not have a commercial license and want to evaluate the Software
please read the terms of the evaluation agreement before you accept.
https://neo4j.com/terms/enterprise_us/

(c) Neo4j Sweden AB. All Rights Reserved.
Use of this Software without a proper commercial license, or evaluation license
with Neo4j,Inc. or its affiliates is prohibited.
Neo4j has the right to terminate your usage if you are not compliant.

Email inquiries can be directed to: licensing@neo4j.com

More information is also available at: https://neo4j.com/licensing/

2023-02-08 19:18:02.826+0000 WARN  Use of deprecated setting 'dbms.windows_service_name'. It is replaced by 'server.windows_service_name'.
2023-02-08 19:18:02.826+0000 WARN  Use of deprecated setting 'dbms.jvm.additional'. It is replaced by 'server.jvm.additional'.
2023-02-08 19:18:02.826+0000 WARN  Use of deprecated setting 'dbms.memory.pagecache.size'. It is replaced by 'server.memory.pagecache.size'.
2023-02-08 19:18:02.826+0000 WARN  Use of deprecated setting 'dbms.memory.heap.max_size'. It is replaced by 'server.memory.heap.max_size'.
2023-02-08 19:18:02.826+0000 WARN  Use of deprecated setting 'dbms.memory.heap.initial_size'. It is replaced by 'server.memory.heap.initial_size'.
2023-02-08 19:18:02.829+0000 INFO  Starting...
2023-02-08 19:18:05.388+0000 INFO  ======== Neo4j 5.3.0 ========
2023-02-08 19:18:05.446+0000 INFO  This instance is ServerId{ccff5fbd} (ccff5fbd-a696-4e8b-ba17-7135e57093f9)
2023-02-08 19:18:08.965+0000 INFO  Default database 'neo4j' is created
2023-02-08 19:18:09.357+0000 INFO  Sending metrics to CSV file at C:\Users\Inteli\.Neo4jDesktop\relate-data\dbmss\dbms-8fa1293a-9ea6-4122-98b5-189e0e689feb\metrics
2023-02-08 19:18:09.377+0000 INFO  Bolt enabled on localhost:7687.
2023-02-08 19:18:09.380+0000 INFO  Bolt (Routing) enabled on localhost:7688.
2023-02-08 19:18:10.116+0000 INFO  Remote interface available at http://localhost:7474/
2023-02-08 19:18:10.119+0000 INFO  id: 6475F6D7A57C9143038F2B5CF2845AF08EDE200B9445D03C277DC550BA15BABF
2023-02-08 19:18:10.119+0000 INFO  name: system
2023-02-08 19:18:10.119+0000 INFO  creationDate: 2023-02-08T19:18:07.508Z
2023-02-08 19:18:10.120+0000 INFO  Started.
2023-02-08 19:18:15.389+0000 ERROR [bolt-5] Terminating connection due to unexpected error
org.neo4j.bolt.protocol.error.streaming.BoltStreamingWriteException: Failed to finalize batch: Cannot write result response
	at org.neo4j.bolt.protocol.common.transaction.result.ResultHandler.onFinish(ResultHandler.java:116) ~[neo4j-bolt-5.3.0.jar:5.3.0]
	at org.neo4j.bolt.protocol.common.fsm.AbstractStateMachine.after(AbstractStateMachine.java:126) ~[neo4j-bolt-5.3.0.jar:5.3.0]
	at org.neo4j.bolt.protocol.common.fsm.AbstractStateMachine.process(AbstractStateMachine.java:99) ~[neo4j-bolt-5.3.0.jar:5.3.0]
	at org.neo4j.bolt.protocol.common.connector.connection.AtomicSchedulingConnection.lambda$submit$4(AtomicSchedulingConnection.java:113) ~[neo4j-bolt-5.3.0.jar:5.3.0]
	at org.neo4j.bolt.protocol.common.connector.connection.AtomicSchedulingConnection.executeJob(AtomicSchedulingConnection.java:336) ~[neo4j-bolt-5.3.0.jar:5.3.0]
	at org.neo4j.bolt.protocol.common.connector.connection.AtomicSchedulingConnection.doExecuteJobs(AtomicSchedulingConnection.java:306) ~[neo4j-bolt-5.3.0.jar:5.3.0]
	at org.neo4j.bolt.protocol.common.connector.connection.AtomicSchedulingConnection.executeJobs(AtomicSchedulingConnection.java:212) ~[neo4j-bolt-5.3.0.jar:5.3.0]
	at java.util.concurrent.Executors$RunnableAdapter.call(Executors.java:539) ~[?:?]
	at java.util.concurrent.FutureTask.run(FutureTask.java:264) ~[?:?]
	at java.util.concurrent.ThreadPoolExecutor.runWorker(ThreadPoolExecutor.java:1136) ~[?:?]
	at java.util.concurrent.ThreadPoolExecutor$Worker.run(ThreadPoolExecutor.java:635) ~[?:?]
	at java.lang.Thread.run(Thread.java:833) ~[?:?]
Caused by: io.netty.channel.StacklessClosedChannelException
	at io.netty.channel.AbstractChannel$AbstractUnsafe.write(Object, ChannelPromise)(Unknown Source) ~[netty-transport-4.1.84.Final.jar:4.1.84.Final]
2023-02-09 20:37:08.693+0000 INFO  The license agreement was accepted with environment variable NEO4J_ACCEPT_LICENSE_AGREEMENT=yes when the Software was started.

The license agreement is available https://neo4j.com/terms/licensing/

If you do not have a commercial license and want to evaluate the Software
please read the terms of the evaluation agreement before you accept.
https://neo4j.com/terms/enterprise_us/

(c) Neo4j Sweden AB. All Rights Reserved.
Use of this Software without a proper commercial license, or evaluation license
with Neo4j,Inc. or its affiliates is prohibited.
Neo4j has the right to terminate your usage if you are not compliant.

Email inquiries can be directed to: licensing@neo4j.com

More information is also available at: https://neo4j.com/licensing/

2023-02-09 20:37:08.697+0000 WARN  Use of deprecated setting 'dbms.windows_service_name'. It is replaced by 'server.windows_service_name'.
2023-02-09 20:37:08.698+0000 WARN  Use of deprecated setting 'dbms.jvm.additional'. It is replaced by 'server.jvm.additional'.
2023-02-09 20:37:08.698+0000 WARN  Use of deprecated setting 'dbms.memory.pagecache.size'. It is replaced by 'server.memory.pagecache.size'.
2023-02-09 20:37:08.698+0000 WARN  Use of deprecated setting 'dbms.memory.heap.max_size'. It is replaced by 'server.memory.heap.max_size'.
2023-02-09 20:37:08.698+0000 WARN  Use of deprecated setting 'dbms.memory.heap.initial_size'. It is replaced by 'server.memory.heap.initial_size'.
2023-02-09 20:37:08.700+0000 INFO  Starting...
2023-02-09 20:37:12.629+0000 INFO  ======== Neo4j 5.3.0 ========
2023-02-09 20:37:12.685+0000 INFO  This instance is ServerId{ccff5fbd} (ccff5fbd-a696-4e8b-ba17-7135e57093f9)
2023-02-09 20:37:18.858+0000 INFO  Sending metrics to CSV file at C:\Users\Inteli\.Neo4jDesktop\relate-data\dbmss\dbms-8fa1293a-9ea6-4122-98b5-189e0e689feb\metrics
2023-02-09 20:37:18.929+0000 INFO  Bolt enabled on localhost:7687.
2023-02-09 20:37:18.933+0000 INFO  Bolt (Routing) enabled on localhost:7688.
2023-02-09 20:37:20.549+0000 INFO  Remote interface available at http://localhost:7474/
2023-02-09 20:37:20.559+0000 INFO  id: 6475F6D7A57C9143038F2B5CF2845AF08EDE200B9445D03C277DC550BA15BABF
2023-02-09 20:37:20.559+0000 INFO  name: system
2023-02-09 20:37:20.559+0000 INFO  creationDate: 2023-02-08T19:18:07.508Z
2023-02-09 20:37:20.559+0000 INFO  Started.
2023-02-09 21:55:57.734+0000 INFO  Neo4j Server shutdown initiated by request
2023-02-09 21:55:57.735+0000 INFO  Stopping...
2023-02-09 21:55:57.735+0000 INFO  Stopped.
