2023-02-08 19:18:05.456+0000 INFO  {plugin-com.neo4j.plugin.jwt.auth.JwtAuthPlugin} jwt.auth.private_key=certificates/security.key.pem
2023-02-08 19:18:09.126+0000 INFO  CREATE USER neo4j PASSWORD ****** CHANGE NOT REQUIRED
2023-02-08 19:18:09.318+0000 INFO  CREATE ROLE admin
2023-02-08 19:18:09.318+0000 INFO  GRANT TRANSACTION MANAGEMENT ON DATABASE * TO admin
2023-02-08 19:18:09.322+0000 INFO  GRANT START ON DATABASE * TO admin
2023-02-08 19:18:09.322+0000 INFO  GRANT STOP ON DATABASE * TO admin
2023-02-08 19:18:09.322+0000 INFO  GRANT ALL ON DBMS TO admin
2023-02-08 19:18:09.322+0000 INFO  GRANT CONSTRAINT MANAGEMENT ON DATABASE * TO admin
2023-02-08 19:18:09.322+0000 INFO  GRANT INDEX MANAGEMENT ON DATABASE * TO admin
2023-02-08 19:18:09.323+0000 INFO  GRANT NAME MANAGEMENT ON DATABASE * TO admin
2023-02-08 19:18:09.323+0000 INFO  GRANT WRITE ON GRAPH * TO admin
2023-02-08 19:18:09.323+0000 INFO  GRANT MATCH {*} ON GRAPH * TO admin
2023-02-08 19:18:09.323+0000 INFO  GRANT ACCESS ON DATABASE * TO admin
2023-02-08 19:18:09.323+0000 INFO  GRANT SHOW INDEX ON DATABASE * TO admin
2023-02-08 19:18:09.323+0000 INFO  GRANT SHOW CONSTRAINTS ON DATABASE * TO admin
2023-02-08 19:18:09.323+0000 INFO  CREATE ROLE architect
2023-02-08 19:18:09.324+0000 INFO  GRANT CONSTRAINT MANAGEMENT ON DATABASE * TO architect
2023-02-08 19:18:09.324+0000 INFO  GRANT INDEX MANAGEMENT ON DATABASE * TO architect
2023-02-08 19:18:09.324+0000 INFO  GRANT NAME MANAGEMENT ON DATABASE * TO architect
2023-02-08 19:18:09.324+0000 INFO  GRANT WRITE ON GRAPH * TO architect
2023-02-08 19:18:09.324+0000 INFO  GRANT MATCH {*} ON GRAPH * TO architect
2023-02-08 19:18:09.324+0000 INFO  GRANT ACCESS ON DATABASE * TO architect
2023-02-08 19:18:09.324+0000 INFO  GRANT SHOW INDEX ON DATABASE * TO architect
2023-02-08 19:18:09.324+0000 INFO  GRANT SHOW CONSTRAINTS ON DATABASE * TO architect
2023-02-08 19:18:09.324+0000 INFO  CREATE ROLE publisher
2023-02-08 19:18:09.324+0000 INFO  GRANT NAME MANAGEMENT ON DATABASE * TO publisher
2023-02-08 19:18:09.325+0000 INFO  GRANT WRITE ON GRAPH * TO publisher
2023-02-08 19:18:09.325+0000 INFO  GRANT MATCH {*} ON GRAPH * TO publisher
2023-02-08 19:18:09.325+0000 INFO  GRANT ACCESS ON DATABASE * TO publisher
2023-02-08 19:18:09.325+0000 INFO  GRANT SHOW INDEX ON DATABASE * TO publisher
2023-02-08 19:18:09.325+0000 INFO  GRANT SHOW CONSTRAINTS ON DATABASE * TO publisher
2023-02-08 19:18:09.325+0000 INFO  CREATE ROLE editor
2023-02-08 19:18:09.325+0000 INFO  GRANT WRITE ON GRAPH * TO editor
2023-02-08 19:18:09.325+0000 INFO  GRANT MATCH {*} ON GRAPH * TO editor
2023-02-08 19:18:09.325+0000 INFO  GRANT ACCESS ON DATABASE * TO editor
2023-02-08 19:18:09.325+0000 INFO  GRANT SHOW INDEX ON DATABASE * TO editor
2023-02-08 19:18:09.325+0000 INFO  GRANT SHOW CONSTRAINTS ON DATABASE * TO editor
2023-02-08 19:18:09.325+0000 INFO  CREATE ROLE reader
2023-02-08 19:18:09.326+0000 INFO  GRANT MATCH {*} ON GRAPH * TO reader
2023-02-08 19:18:09.326+0000 INFO  GRANT ACCESS ON DATABASE * TO reader
2023-02-08 19:18:09.326+0000 INFO  GRANT SHOW INDEX ON DATABASE * TO reader
2023-02-08 19:18:09.326+0000 INFO  GRANT SHOW CONSTRAINTS ON DATABASE * TO reader
2023-02-08 19:18:09.326+0000 INFO  CREATE ROLE PUBLIC
2023-02-08 19:18:09.326+0000 INFO  GRANT ACCESS ON HOME DATABASE TO PUBLIC
2023-02-08 19:18:09.326+0000 INFO  GRANT EXECUTE PROCEDURE * ON DBMS TO PUBLIC
2023-02-08 19:18:09.326+0000 INFO  GRANT EXECUTE FUNCTION * ON DBMS TO PUBLIC
2023-02-08 19:18:09.326+0000 INFO  GRANT ROLE admin TO neo4j
2023-02-08 19:18:11.805+0000 INFO  {plugin-com.neo4j.plugin.jwt.auth.JwtAuthPlugin} Log in attempted for user 'neo4j'.
2023-02-08 19:18:11.806+0000 ERROR {plugin-com.neo4j.plugin.jwt.auth.JwtAuthPlugin} Invalid serialized unsecured/JWS/JWE object: Missing part delimiters
2023-02-08 19:18:11.811+0000 INFO  [neo4j]: logged in
2023-02-08 19:18:13.548+0000 INFO  {plugin-com.neo4j.plugin.jwt.auth.JwtAuthPlugin} Log in attempted for user 'neo4j'.
2023-02-08 19:18:13.548+0000 ERROR {plugin-com.neo4j.plugin.jwt.auth.JwtAuthPlugin} Invalid serialized unsecured/JWS/JWE object: Missing part delimiters
2023-02-08 19:18:13.548+0000 INFO  [neo4j]: logged in
2023-02-08 19:18:14.952+0000 INFO  {plugin-com.neo4j.plugin.jwt.auth.JwtAuthPlugin} Log in attempted for user 'neo4j'.
2023-02-08 19:18:14.952+0000 ERROR {plugin-com.neo4j.plugin.jwt.auth.JwtAuthPlugin} Invalid serialized unsecured/JWS/JWE object: Missing part delimiters
2023-02-08 19:18:14.952+0000 INFO  [neo4j]: logged in
2023-02-08 19:18:23.358+0000 INFO  {plugin-com.neo4j.plugin.jwt.auth.JwtAuthPlugin} Log in attempted for user 'neo4j'.
2023-02-08 19:18:23.358+0000 ERROR {plugin-com.neo4j.plugin.jwt.auth.JwtAuthPlugin} Invalid serialized unsecured/JWS/JWE object: Missing part delimiters
2023-02-08 19:18:23.358+0000 INFO  [neo4j]: logged in
2023-02-08 19:18:24.813+0000 INFO  {plugin-com.neo4j.plugin.jwt.auth.JwtAuthPlugin} Log in attempted for user 'neo4j'.
2023-02-08 19:18:24.814+0000 ERROR {plugin-com.neo4j.plugin.jwt.auth.JwtAuthPlugin} Invalid serialized unsecured/JWS/JWE object: Missing part delimiters
2023-02-08 19:18:24.814+0000 INFO  [neo4j]: logged in
2023-02-08 19:18:24.824+0000 INFO  {plugin-com.neo4j.plugin.jwt.auth.JwtAuthPlugin} Log in attempted for user 'neo4j'.
2023-02-08 19:18:24.824+0000 ERROR {plugin-com.neo4j.plugin.jwt.auth.JwtAuthPlugin} Invalid serialized unsecured/JWS/JWE object: Missing part delimiters
2023-02-08 19:18:24.824+0000 INFO  [neo4j]: logged in
2023-02-08 19:18:24.846+0000 INFO  {plugin-com.neo4j.plugin.jwt.auth.JwtAuthPlugin} Log in attempted for user 'neo4j'.
2023-02-08 19:18:24.846+0000 ERROR {plugin-com.neo4j.plugin.jwt.auth.JwtAuthPlugin} Invalid serialized unsecured/JWS/JWE object: Missing part delimiters
2023-02-08 19:18:24.846+0000 INFO  [neo4j]: logged in
2023-02-09 20:37:12.700+0000 INFO  {plugin-com.neo4j.plugin.jwt.auth.JwtAuthPlugin} jwt.auth.private_key=certificates/security.key.pem
2023-02-09 20:37:21.466+0000 INFO  {plugin-com.neo4j.plugin.jwt.auth.JwtAuthPlugin} Log in attempted for user 'neo4j'.
2023-02-09 20:37:21.466+0000 ERROR {plugin-com.neo4j.plugin.jwt.auth.JwtAuthPlugin} Invalid serialized unsecured/JWS/JWE object: Missing part delimiters
2023-02-09 20:37:21.470+0000 INFO  [neo4j]: logged in
2023-02-09 20:37:23.176+0000 INFO  {plugin-com.neo4j.plugin.jwt.auth.JwtAuthPlugin} Log in attempted for user 'neo4j'.
2023-02-09 20:37:23.176+0000 ERROR {plugin-com.neo4j.plugin.jwt.auth.JwtAuthPlugin} Invalid serialized unsecured/JWS/JWE object: Missing part delimiters
2023-02-09 20:37:23.176+0000 INFO  [neo4j]: logged in
2023-02-09 20:37:25.448+0000 INFO  {plugin-com.neo4j.plugin.jwt.auth.JwtAuthPlugin} Log in attempted for user 'neo4j'.
2023-02-09 20:37:25.448+0000 ERROR {plugin-com.neo4j.plugin.jwt.auth.JwtAuthPlugin} Invalid serialized unsecured/JWS/JWE object: Missing part delimiters
2023-02-09 20:37:25.448+0000 INFO  [neo4j]: logged in
2023-02-09 20:37:37.372+0000 INFO  {plugin-com.neo4j.plugin.jwt.auth.JwtAuthPlugin} Log in attempted for user 'neo4j'.
2023-02-09 20:37:37.372+0000 ERROR {plugin-com.neo4j.plugin.jwt.auth.JwtAuthPlugin} Invalid serialized unsecured/JWS/JWE object: Missing part delimiters
2023-02-09 20:37:37.372+0000 INFO  [neo4j]: logged in
2023-02-09 20:37:38.844+0000 INFO  {plugin-com.neo4j.plugin.jwt.auth.JwtAuthPlugin} Log in attempted for user 'neo4j'.
2023-02-09 20:37:38.845+0000 ERROR {plugin-com.neo4j.plugin.jwt.auth.JwtAuthPlugin} Invalid serialized unsecured/JWS/JWE object: Missing part delimiters
2023-02-09 20:37:38.845+0000 INFO  [neo4j]: logged in
2023-02-09 20:37:38.877+0000 INFO  {plugin-com.neo4j.plugin.jwt.auth.JwtAuthPlugin} Log in attempted for user 'neo4j'.
2023-02-09 20:37:38.878+0000 ERROR {plugin-com.neo4j.plugin.jwt.auth.JwtAuthPlugin} Invalid serialized unsecured/JWS/JWE object: Missing part delimiters
2023-02-09 20:37:38.878+0000 INFO  [neo4j]: logged in
2023-02-09 20:37:38.892+0000 INFO  {plugin-com.neo4j.plugin.jwt.auth.JwtAuthPlugin} Log in attempted for user 'neo4j'.
2023-02-09 20:37:38.892+0000 ERROR {plugin-com.neo4j.plugin.jwt.auth.JwtAuthPlugin} Invalid serialized unsecured/JWS/JWE object: Missing part delimiters
2023-02-09 20:37:38.892+0000 INFO  [neo4j]: logged in
2023-02-09 20:44:56.390+0000 INFO  {plugin-com.neo4j.plugin.jwt.auth.JwtAuthPlugin} Log in attempted for user 'neo4j'.
2023-02-09 20:44:56.390+0000 ERROR {plugin-com.neo4j.plugin.jwt.auth.JwtAuthPlugin} Invalid serialized unsecured/JWS/JWE object: Missing part delimiters
2023-02-09 20:44:56.390+0000 INFO  [neo4j]: logged in
2023-02-09 21:37:42.831+0000 INFO  {plugin-com.neo4j.plugin.jwt.auth.JwtAuthPlugin} Log in attempted for user 'neo4j'.
2023-02-09 21:37:42.831+0000 ERROR {plugin-com.neo4j.plugin.jwt.auth.JwtAuthPlugin} Invalid serialized unsecured/JWS/JWE object: Missing part delimiters
2023-02-09 21:37:42.832+0000 INFO  [neo4j]: logged in
2023-02-09 21:37:42.879+0000 INFO  {plugin-com.neo4j.plugin.jwt.auth.JwtAuthPlugin} Log in attempted for user 'neo4j'.
2023-02-09 21:37:42.879+0000 ERROR {plugin-com.neo4j.plugin.jwt.auth.JwtAuthPlugin} Invalid serialized unsecured/JWS/JWE object: Missing part delimiters
2023-02-09 21:37:42.879+0000 INFO  [neo4j]: logged in
2023-02-09 21:37:43.232+0000 INFO  {plugin-com.neo4j.plugin.jwt.auth.JwtAuthPlugin} Log in attempted for user 'neo4j'.
2023-02-09 21:37:43.232+0000 ERROR {plugin-com.neo4j.plugin.jwt.auth.JwtAuthPlugin} Invalid serialized unsecured/JWS/JWE object: Missing part delimiters
2023-02-09 21:37:43.232+0000 INFO  [neo4j]: logged in
2023-02-09 21:55:40.380+0000 INFO  {plugin-com.neo4j.plugin.jwt.auth.JwtAuthPlugin} Log in attempted for user 'neo4j'.
2023-02-09 21:55:40.380+0000 ERROR {plugin-com.neo4j.plugin.jwt.auth.JwtAuthPlugin} Invalid serialized unsecured/JWS/JWE object: Missing part delimiters
2023-02-09 21:55:40.380+0000 INFO  [neo4j]: logged in
2023-02-09 21:55:40.438+0000 INFO  {plugin-com.neo4j.plugin.jwt.auth.JwtAuthPlugin} Log in attempted for user 'neo4j'.
2023-02-09 21:55:40.438+0000 ERROR {plugin-com.neo4j.plugin.jwt.auth.JwtAuthPlugin} Invalid serialized unsecured/JWS/JWE object: Missing part delimiters
2023-02-09 21:55:40.438+0000 INFO  [neo4j]: logged in
2023-02-09 21:55:40.646+0000 INFO  {plugin-com.neo4j.plugin.jwt.auth.JwtAuthPlugin} Log in attempted for user 'neo4j'.
2023-02-09 21:55:40.646+0000 ERROR {plugin-com.neo4j.plugin.jwt.auth.JwtAuthPlugin} Invalid serialized unsecured/JWS/JWE object: Missing part delimiters
2023-02-09 21:55:40.646+0000 INFO  [neo4j]: logged in
2023-02-09 21:55:40.860+0000 INFO  {plugin-com.neo4j.plugin.jwt.auth.JwtAuthPlugin} Log in attempted for user 'neo4j'.
2023-02-09 21:55:40.871+0000 INFO  [neo4j]: logged in
